[1731393134.758][INFO]: Starting ChromeDriver 130.0.6723.116 (6ac35f94ae3d01152cf1946c896b0678e48f8ec4-refs/branch-heads/6723@{#1764}) on port 27212
[1731393134.759][INFO]: Please see https://chromedriver.chromium.org/security-considerations for suggestions on keeping ChromeDriver safe.
[1731393134.764][INFO]: ChromeDriver was started successfully on port 27212
[1731393135.014][INFO]: [e47a5bd994ab2f0b4b9da6fac475df98] COMMAND InitSession {
   "capabilities": {
      "firstMatch": [ {
         "browserName": "chrome",
         "goog:chromeOptions": {
            "args": [  ],
            "extensions": [  ]
         },
         "goog:loggingPrefs": {
            "browser": "ALL",
            "driver": "ALL"
         }
      } ]
   }
}
[1731393135.015][INFO]: Browser search. Trying... C:\Users\aksha\.cache\selenium\chromedriver\win64\130.0.6723.116\chrome.exe
[1731393135.015][INFO]: Browser search. Trying... C:\Users\aksha\.cache\selenium\chromedriver\win64\130.0.6723.116\chrome.exe
[1731393135.015][INFO]: Browser search. Trying... C:\Users\aksha\.cache\selenium\chromedriver\win64\130.0.6723.116\chromium.exe
[1731393135.020][INFO]: Browser search. Trying... C:\Users\aksha\AppData\Local\Google\Chrome\Application\chrome.exe
[1731393135.020][INFO]: Browser search. Trying... C:\Program Files\Google\Chrome\Application\chrome.exe
[1731393135.020][INFO]: Browser search. Found at  C:\Program Files\Google\Chrome\Application\chrome.exe
[1731393135.021][INFO]: Populating Preferences file: {
   "alternate_error_pages": {
      "enabled": false
   },
   "autofill": {
      "enabled": false
   },
   "browser": {
      "check_default_browser": false
   },
   "distribution": {
      "import_bookmarks": false,
      "import_history": false,
      "import_search_engine": false,
      "make_chrome_default_for_user": false,
      "skip_first_run_ui": true
   },
   "dns_prefetching": {
      "enabled": false
   },
   "profile": {
      "content_settings": {
         "pattern_pairs": {
            "https://*,*": {
               "media-stream": {
                  "audio": "Default",
                  "video": "Default"
               }
            }
         }
      },
      "default_content_setting_values": {
         "geolocation": 1
      },
      "default_content_settings": {
         "geolocation": 1,
         "mouselock": 1,
         "notifications": 1,
         "popups": 1,
         "ppapi-broker": 1
      },
      "password_manager_enabled": false
   },
   "safebrowsing": {
      "enabled": false
   },
   "search": {
      "suggest_enabled": false
   },
   "translate": {
      "enabled": false
   }
}
[1731393135.022][INFO]: Populating Local State file: {
   "background_mode": {
      "enabled": false
   },
   "ssl": {
      "rev_checking": {
         "enabled": false
      }
   }
}
[1731393135.024][INFO]: ChromeDriver supports communication with Chrome via pipes. This is more reliable and more secure.
[1731393135.024][INFO]: Use the --remote-debugging-pipe Chrome switch instead of the default --remote-debugging-port to enable this communication mode.
[1731393135.025][INFO]: Launching chrome: "C:\Program Files\Google\Chrome\Application\chrome.exe" --allow-pre-commit-input --disable-background-networking --disable-backgrounding-occluded-windows --disable-client-side-phishing-detection --disable-default-apps --disable-hang-monitor --disable-popup-blocking --disable-prompt-on-repost --disable-sync --enable-automation --enable-logging --log-level=0 --no-first-run --no-service-autorun --password-store=basic --remote-debugging-port=0 --test-type=webdriver --use-mock-keychain --user-data-dir="C:\Users\aksha\AppData\Local\Temp\scoped_dir12992_415490179" data:,
[1731393135.972][INFO]: resolved localhost to ["::1","127.0.0.1"]
[1731393136.015][INFO]: [e47a5bd994ab2f0b4b9da6fac475df98] RESPONSE InitSession {
   "capabilities": {
      "acceptInsecureCerts": false,
      "browserName": "chrome",
      "browserVersion": "130.0.6723.117",
      "chrome": {
         "chromedriverVersion": "130.0.6723.116 (6ac35f94ae3d01152cf1946c896b0678e48f8ec4-refs/branch-heads/6723@{#1764})",
         "userDataDir": "C:\\Users\\aksha\\AppData\\Local\\Temp\\scoped_dir12992_415490179"
      },
      "fedcm:accounts": true,
      "goog:chromeOptions": {
         "debuggerAddress": "localhost:52765"
      },
      "networkConnectionEnabled": false,
      "pageLoadStrategy": "normal",
      "platformName": "windows",
      "proxy": {
      },
      "setWindowRect": true,
      "strictFileInteractability": false,
      "timeouts": {
         "implicit": 0,
         "pageLoad": 300000,
         "script": 30000
      },
      "unhandledPromptBehavior": "dismiss and notify",
      "webauthn:extension:credBlob": true,
      "webauthn:extension:largeBlob": true,
      "webauthn:extension:minPinLength": true,
      "webauthn:extension:prf": true,
      "webauthn:virtualAuthenticators": true
   },
   "sessionId": "e47a5bd994ab2f0b4b9da6fac475df98"
}
[1731393136.177][INFO]: [e47a5bd994ab2f0b4b9da6fac475df98] COMMAND MaximizeWindow {
}
[1731393136.177][INFO]: Waiting for pending navigations...
[1731393136.180][INFO]: Done waiting for pending navigations. Status: ok
[1731393136.212][INFO]: Waiting for pending navigations...
[1731393136.214][INFO]: Done waiting for pending navigations. Status: ok
[1731393136.214][INFO]: [e47a5bd994ab2f0b4b9da6fac475df98] RESPONSE MaximizeWindow {
   "height": 840,
   "width": 1552,
   "x": -8,
   "y": -8
}
[1731393136.223][INFO]: [e47a5bd994ab2f0b4b9da6fac475df98] COMMAND SetTimeouts {
   "implicit": 10000
}
[1731393136.223][INFO]: [e47a5bd994ab2f0b4b9da6fac475df98] RESPONSE SetTimeouts
[1731393136.233][INFO]: [e47a5bd994ab2f0b4b9da6fac475df98] COMMAND Navigate {
   "url": "https://leetcode.com/"
}
[1731393136.233][INFO]: Waiting for pending navigations...
[1731393136.234][INFO]: Done waiting for pending navigations. Status: ok
[1731393140.136][INFO]: Waiting for pending navigations...
[1731393148.756][INFO]: Done waiting for pending navigations. Status: ok
[1731393148.756][INFO]: [e47a5bd994ab2f0b4b9da6fac475df98] RESPONSE Navigate
[1731393148.759][INFO]: [e47a5bd994ab2f0b4b9da6fac475df98] COMMAND GetUrl {
}
[1731393148.759][INFO]: Waiting for pending navigations...
[1731393148.765][INFO]: Done waiting for pending navigations. Status: ok
[1731393148.769][INFO]: Waiting for pending navigations...
[1731393148.770][INFO]: Done waiting for pending navigations. Status: ok
[1731393148.770][INFO]: [e47a5bd994ab2f0b4b9da6fac475df98] RESPONSE GetUrl "https://leetcode.com/"
[1731393148.775][INFO]: [e47a5bd994ab2f0b4b9da6fac475df98] COMMAND CloseWindow {
}
[1731393148.868][SEVERE]: Unable to receive message from renderer
[1731393149.207][INFO]: [e47a5bd994ab2f0b4b9da6fac475df98] RESPONSE CloseWindow [  ]
